<?xml version="1.0" encoding="utf-8"?><testsuites name="pytest tests"><testsuite name="pytest" errors="0" failures="0" skipped="0" tests="15" time="5.530" timestamp="2026-03-23T15:08:53.851416+00:00" hostname="agent-env-8df6762e-794c-4e0b-b218-d1ccae6ce438"><testcase classname="backend.tests.test_messaging_notifications_currency.TestCurrencyAPI" name="test_get_currency_rates" time="0.176" /><testcase classname="backend.tests.test_messaging_notifications_currency.TestCurrencyAPI" name="test_convert_currency_usd_to_lkr" time="0.105" /><testcase classname="backend.tests.test_messaging_notifications_currency.TestCurrencyAPI" name="test_convert_currency_lkr_to_usd" time="0.108" /><testcase classname="backend.tests.test_messaging_notifications_currency.TestCurrencyAPI" name="test_convert_invalid_currency" time="0.107" /><testcase classname="backend.tests.test_messaging_notifications_currency.TestNotificationsAPI" name="test_get_notifications" time="0.238" /><testcase classname="backend.tests.test_messaging_notifications_currency.TestNotificationsAPI" name="test_get_notifications_unread_only" time="0.233" /><testcase classname="backend.tests.test_messaging_notifications_currency.TestNotificationsAPI" name="test_mark_all_notifications_read" time="0.237" /><testcase classname="backend.tests.test_messaging_notifications_currency.TestMessagingAPI" name="test_get_conversations_empty" time="0.452" /><testcase classname="backend.tests.test_messaging_notifications_currency.TestMessagingAPI" name="test_create_conversation_and_send_message" time="1.029" /><testcase classname="backend.tests.test_messaging_notifications_currency.TestMessagingAPI" name="test_cannot_message_self" time="0.370" /><testcase classname="backend.tests.test_messaging_notifications_currency.TestMessagingAPI" name="test_conversation_not_found" time="0.718" /><testcase classname="backend.tests.test_messaging_notifications_currency.TestBidNotifications" name="test_bid_creates_notification" time="0.383" /><testcase classname="backend.tests.test_messaging_notifications_currency.TestArtworkPricesWithCurrency" name="test_artworks_have_prices" time="0.106" /><testcase classname="backend.tests.test_messaging_notifications_currency.TestArtworkPricesWithCurrency" name="test_featured_artworks_have_prices" time="0.129" /><testcase classname="backend.tests.test_messaging_notifications_currency.TestEndToEndMessaging" name="test_full_messaging_flow" time="1.087" /></testsuite></testsuites>