<?xml version="1.0" encoding="utf-8"?><testsuites name="pytest tests"><testsuite name="pytest" errors="0" failures="0" skipped="0" tests="30" time="3.957" timestamp="2026-03-23T14:47:08.518396+00:00" hostname="agent-env-8df6762e-794c-4e0b-b218-d1ccae6ce438"><testcase classname="backend.tests.test_admin_and_gallery.TestAdminAuthentication" name="test_admin_login_success" time="0.184" /><testcase classname="backend.tests.test_admin_and_gallery.TestAdminAuthentication" name="test_admin_login_invalid_credentials" time="0.104" /><testcase classname="backend.tests.test_admin_and_gallery.TestAdminStats" name="test_get_admin_stats" time="0.327" /><testcase classname="backend.tests.test_admin_and_gallery.TestAdminStats" name="test_admin_stats_requires_auth" time="0.131" /><testcase classname="backend.tests.test_admin_and_gallery.TestAdminUsers" name="test_get_admin_users" time="0.127" /><testcase classname="backend.tests.test_admin_and_gallery.TestAdminUsers" name="test_search_users" time="0.100" /><testcase classname="backend.tests.test_admin_and_gallery.TestAdminUsers" name="test_filter_users_by_role_artist" time="0.133" /><testcase classname="backend.tests.test_admin_and_gallery.TestAdminUsers" name="test_filter_users_by_role_admin" time="0.142" /><testcase classname="backend.tests.test_admin_and_gallery.TestAdminArtworks" name="test_get_admin_artworks" time="0.127" /><testcase classname="backend.tests.test_admin_and_gallery.TestAdminArtworks" name="test_search_artworks" time="0.130" /><testcase classname="backend.tests.test_admin_and_gallery.TestAdminArtworks" name="test_filter_artworks_by_status" time="0.102" /><testcase classname="backend.tests.test_admin_and_gallery.TestAdminArtists" name="test_get_admin_artists" time="0.100" /><testcase classname="backend.tests.test_admin_and_gallery.TestAdminArtists" name="test_filter_artists_by_verification" time="0.117" /><testcase classname="backend.tests.test_admin_and_gallery.TestAdminOrders" name="test_get_admin_orders" time="0.106" /><testcase classname="backend.tests.test_admin_and_gallery.TestRevenueChart" name="test_get_revenue_chart" time="0.134" /><testcase classname="backend.tests.test_admin_and_gallery.TestGalleryFiltering" name="test_get_categories" time="0.108" /><testcase classname="backend.tests.test_admin_and_gallery.TestGalleryFiltering" name="test_get_mediums" time="0.107" /><testcase classname="backend.tests.test_admin_and_gallery.TestGalleryFiltering" name="test_get_artists_for_filter" time="0.108" /><testcase classname="backend.tests.test_admin_and_gallery.TestGalleryFiltering" name="test_filter_by_category" time="0.111" /><testcase classname="backend.tests.test_admin_and_gallery.TestGalleryFiltering" name="test_filter_by_medium" time="0.113" /><testcase classname="backend.tests.test_admin_and_gallery.TestGalleryFiltering" name="test_filter_by_artist" time="0.223" /><testcase classname="backend.tests.test_admin_and_gallery.TestGalleryFiltering" name="test_filter_by_auction" time="0.113" /><testcase classname="backend.tests.test_admin_and_gallery.TestGalleryFiltering" name="test_filter_by_digital" time="0.098" /><testcase classname="backend.tests.test_admin_and_gallery.TestGalleryFiltering" name="test_filter_by_price_range" time="0.106" /><testcase classname="backend.tests.test_admin_and_gallery.TestGalleryFiltering" name="test_search_artworks" time="0.107" /><testcase classname="backend.tests.test_admin_and_gallery.TestGalleryFiltering" name="test_sort_by_price_asc" time="0.103" /><testcase classname="backend.tests.test_admin_and_gallery.TestGalleryFiltering" name="test_sort_by_price_desc" time="0.127" /><testcase classname="backend.tests.test_admin_and_gallery.TestGalleryFiltering" name="test_sort_by_newest" time="0.110" /><testcase classname="backend.tests.test_admin_and_gallery.TestGalleryFiltering" name="test_sort_by_popularity" time="0.126" /><testcase classname="backend.tests.test_admin_and_gallery.TestGalleryFiltering" name="test_combined_filters" time="0.145" /></testsuite></testsuites>